{"level":"info","message":"Servidor rodando na porta 3000","service":"node-logs-monitor"}
{"level":"info","message":"Requisição recebida na rota raiz","service":"node-logs-monitor","span_id":"fef494ff46b1ca1c","trace_flags":"01","trace_id":"06b2508b13473b6e37598645b66d7f24"}
{"level":"info","message":"Requisição recebida na rota raiz","service":"node-logs-monitor","span_id":"95713c451c69c631","trace_flags":"01","trace_id":"2e19e0e650e2e95d265eb6b191d295ce"}
{"level":"info","message":"Requisição recebida na rota raiz","service":"node-logs-monitor","span_id":"0e56f46696e064b4","trace_flags":"01","trace_id":"33f1a32275195304ffa26572c2ecbe90"}
{"level":"info","message":"Requisição recebida na rota raiz","service":"node-logs-monitor","span_id":"070f8e81b6b17996","trace_flags":"01","trace_id":"cc31ed8fa407fdd73d7c5caa7abe03c7"}
{"level":"info","message":"Requisição recebida na rota raiz","service":"node-logs-monitor","span_id":"56683da1faf1901b","trace_flags":"01","trace_id":"a0806c66fcd703762796fef7a103bcf4"}
{"level":"info","message":"Servidor rodando na porta 3000","service":"node-logs-monitor","timestamp":"2025-09-01T03:58:30.658Z"}
{"level":"info","message":"Requisição recebida na rota raiz","service":"node-logs-monitor","span_id":"fe2ba1928d42abd1","timestamp":"2025-09-01T03:58:58.811Z","trace_flags":"01","trace_id":"ce42bfed844a4bfaacc0a3cd9b8eef66"}
{"level":"info","message":"Requisição recebida na rota raiz","service":"node-logs-monitor","span_id":"864c0b9edad4ffe7","timestamp":"2025-09-01T03:59:05.486Z","trace_flags":"01","trace_id":"5cc35c55fd272037e6676a8faf20fb68"}
{"level":"info","message":"Requisição recebida na rota raiz","service":"node-logs-monitor","span_id":"2d7a1b5b666ee422","timestamp":"2025-09-01T03:59:17.469Z","trace_flags":"01","trace_id":"04c3af919ae81cb7dacede895a239234"}
{"error":"Erro proposital para teste","level":"error","message":"Erro ocorreu na rota /error","service":"node-logs-monitor","span_id":"d7e4573e876b8044","timestamp":"2025-09-01T03:59:17.691Z","trace_flags":"01","trace_id":"8b2a78939e9a24973a3afe5f72820fac"}
{"level":"info","message":"Requisição recebida na rota raiz","service":"node-logs-monitor","span_id":"9f45fb69cac4cfd5","timestamp":"2025-09-01T03:59:57.993Z","trace_flags":"01","trace_id":"1eebb8f6397129fb94dc7d66bf601425"}
{"level":"info","message":"Servidor rodando na porta 3000","service":"node-logs-monitor","timestamp":"2025-09-01T04:26:40.378Z"}
{"level":"info","message":"Rota / foi acessada","service":"node-logs-monitor","timestamp":"2025-09-01T04:26:44.591Z"}
{"level":"error","message":"Erro simulado no sistema!","service":"node-logs-monitor","timestamp":"2025-09-01T04:27:07.916Z"}
2025-09-02T17:40:45.621Z [node-logs-monitor] [trace_id=N/A] info: Servidor rodando na porta 3000
2025-09-02T17:40:58.438Z [node-logs-monitor] [trace_id=f7bba87d0a5f49e1cd39ca614bfa0f19] info: Requisição recebida na rota raiz
2025-09-02T17:41:24.378Z [node-logs-monitor] [trace_id=12922b99be3264dc3ec2b52469b173d2] error: Erro ocorreu na rota /error
2025-09-02T17:44:05.974Z [node-logs-monitor] [trace_id=8997df8749d396d0111c9ba24e8e2c2c] error: Erro ocorreu na rota /error
2025-09-02T17:44:10.803Z [node-logs-monitor] [trace_id=74adcb9b12393915aa34199983562c76] info: Requisição recebida na rota raiz
2025-09-02T17:44:26.829Z [node-logs-monitor] [trace_id=d97ecec7f008361c7ed372af4e4667b8] error: Erro ocorreu na rota /error
2025-09-02T17:49:57.213Z [node-logs-monitor] [trace_id=f38fefd78cf31a936ea3a0231a3fa5f0] info: Requisição recebida na rota raiz
2025-09-02T17:50:01.348Z [node-logs-monitor] [trace_id=02fd0afde8d3e1302494059d364a5bf4] error: Erro ocorreu na rota /error
2025-09-02T17:51:36.657Z [node-logs-monitor] [trace_id=d12f1ce897d0338fd034d32d8a63e79b] error: Erro ocorreu na rota /error
2025-09-02T17:52:45.610Z [node-logs-monitor] [trace_id=1aa0c9a594f156399c5a5e24ba20c365] error: Erro ocorreu na rota /error
2025-09-02T17:52:56.653Z [node-logs-monitor] [trace_id=1dd7917e1d2f6e5ac925f19309749dba] info: Requisição recebida na rota raiz
2025-09-02T18:10:55.975Z [node-logs-monitor] [trace_id=e3c878d576d5f9c85d499390eef5af8a] info: Requisição recebida na rota raiz
2025-09-02T18:11:03.402Z [node-logs-monitor] [trace_id=74da71a73dd7cd5508a67c83d67a3dc6] error: Erro ocorreu na rota /error
2025-09-02T18:11:03.688Z [node-logs-monitor] [trace_id=6bedde1f811c2aff87320edbfc2d6df4] error: Erro ocorreu na rota /error
2025-09-02T18:11:22.967Z [node-logs-monitor] [trace_id=acceb4ffcc2c82122afbd6942c843594] error: Erro ocorreu na rota /error
2025-09-02T18:11:24.670Z [node-logs-monitor] [trace_id=3a78fbd73e543bc32319604ea4165772] error: Erro ocorreu na rota /error
2025-09-02T18:11:24.986Z [node-logs-monitor] [trace_id=4aa21928a33feb86b0104ab3b3402d40] error: Erro ocorreu na rota /error
2025-09-02T18:11:25.167Z [node-logs-monitor] [trace_id=34581054d195d5ac7ba5a73c39ad9727] error: Erro ocorreu na rota /error
2025-09-02T18:11:25.324Z [node-logs-monitor] [trace_id=aaa45cf3aee5e2f77d6686f2bf37c8d9] error: Erro ocorreu na rota /error
2025-09-02T18:11:25.477Z [node-logs-monitor] [trace_id=4457a7c306713c0991c6a5a7c5fc7ca4] error: Erro ocorreu na rota /error
2025-09-02T18:11:25.649Z [node-logs-monitor] [trace_id=e02d71050b95b7b75a4c99638adba5b6] error: Erro ocorreu na rota /error
2025-09-02T18:11:25.792Z [node-logs-monitor] [trace_id=2d9d899546ada74b4637285a4f7e7677] error: Erro ocorreu na rota /error
2025-09-02T18:11:25.940Z [node-logs-monitor] [trace_id=0411e51b95ec555ba63c9c6f57f588c8] error: Erro ocorreu na rota /error
2025-09-02T18:11:26.095Z [node-logs-monitor] [trace_id=de887489895366e2344ad2c77f009184] error: Erro ocorreu na rota /error
2025-09-02T18:11:26.249Z [node-logs-monitor] [trace_id=db505cb6ebda839980245d61d9f1fb64] error: Erro ocorreu na rota /error
2025-09-02T18:11:26.408Z [node-logs-monitor] [trace_id=76a703dd387df4e9e9b8a74e15f62588] error: Erro ocorreu na rota /error
2025-09-02T18:11:26.545Z [node-logs-monitor] [trace_id=29311f1ce6e34a8c6f06a1418380c814] error: Erro ocorreu na rota /error
2025-09-02T18:11:27.032Z [node-logs-monitor] [trace_id=cd545e36ecf7783b015d30411afbcfee] error: Erro ocorreu na rota /error
2025-09-02T18:11:27.417Z [node-logs-monitor] [trace_id=99f9d3869cc110701724f62433bf5f70] error: Erro ocorreu na rota /error
2025-09-02T18:11:27.765Z [node-logs-monitor] [trace_id=03e3581dd79e4e8256fbe305cfb1229d] error: Erro ocorreu na rota /error
2025-09-02T18:12:38.299Z [node-logs-monitor] [trace_id=98c6eeb060c7a7f2d70ed65e4f2dfdf1] info: Requisição recebida na rota raiz
2025-09-02T18:25:53.053Z [node-logs-monitor] [trace_id=84093bb17a4eec189de814c7026f47cb] info: Requisição recebida na rota raiz
2025-09-02T18:25:53.406Z [node-logs-monitor] [trace_id=4b7bf7752a0c5371136a0ee402a81277] info: Requisição recebida na rota raiz
2025-09-02T18:25:53.793Z [node-logs-monitor] [trace_id=50a844fd78c2caca095f664243277065] info: Requisição recebida na rota raiz
2025-09-02T18:26:00.632Z [node-logs-monitor] [trace_id=fdda1be022cea93eb22f50da96101e0d] error: Erro ocorreu na rota /error
2025-09-02T18:26:00.927Z [node-logs-monitor] [trace_id=c49a04a3c110fbafcfa30394624a62d9] error: Erro ocorreu na rota /error
2025-09-02T18:26:02.361Z [node-logs-monitor] [trace_id=f513d5f79696df182ddea09c8677aa7a] error: Erro ocorreu na rota /error
2025-09-02T18:26:02.718Z [node-logs-monitor] [trace_id=70ce0b92c81ee539bb7a42072e18c311] error: Erro ocorreu na rota /error
2025-09-02T18:26:06.800Z [node-logs-monitor] [trace_id=76d61f4924de6b1e30428cc412aaac0c] info: Requisição recebida na rota raiz
2025-09-02T18:26:09.151Z [node-logs-monitor] [trace_id=21402b932e6914b9c165f99c43be2959] error: Erro ocorreu na rota /error
2025-09-02T18:26:09.468Z [node-logs-monitor] [trace_id=6103810f5c3e68a6b702a914d167c074] error: Erro ocorreu na rota /error
2025-09-02T18:26:10.973Z [node-logs-monitor] [trace_id=4f596cfc02aec6e395eac1b04024bbae] info: Requisição recebida na rota raiz
2025-09-02T18:26:11.310Z [node-logs-monitor] [trace_id=0660f17d9fe122e585d1b4389f8bb70b] info: Requisição recebida na rota raiz
2025-09-02T18:42:44.736Z [node-logs-monitor] [trace_id=N/A] info: Servidor rodando na porta 3000
2025-09-02T18:42:51.828Z [node-logs-monitor] [trace_id=5011caee87eb5791df61f4111be5b686] info: Rota / foi acessada
2025-09-02T18:42:54.484Z [node-logs-monitor] [trace_id=0c36a0ba849a4aa1cb9a5c861f02e0a0] info: Rota / foi acessada
